<?xml version="1.0" encoding="UTF-8"?>
<!-- Generated by org.testng.reporters.JUnitXMLReporter -->
<testsuite ignored="0" hostname="DESKTOP-6NCKN49" failures="0" tests="3" name="Default test" time="0.074" errors="0" timestamp="2022-01-25T17:42:48 IST">
  <testcase classname="org.pc.test.Test1" name="test1" time="0.01"/>
  <testcase classname="org.pc.test.Test1" name="test2" time="0.002"/>
  <testcase classname="org.pc.test.Test1" name="test3" time="0.002"/>
</testsuite> <!-- Default test -->
