<?xml version="1.0" encoding="UTF-8"?>
<!-- Generated by org.testng.reporters.JUnitXMLReporter -->
<testsuite ignored="0" hostname="DESKTOP-6NCKN49" failures="0" tests="6" name="Test2" time="0.024" errors="0" timestamp="2022-01-25T20:06:15 IST">
  <testcase classname="org.pc.test.Test1" name="test1" time="0.002"/>
  <testcase classname="org.pc.test.Test1" name="test2" time="0.002"/>
  <testcase classname="org.pc.test.Test1" name="test3" time="0.001"/>
  <testcase classname="org.pc.test.Test1" name="test4" time="0.002"/>
  <testcase classname="org.pc.test.Test1" name="test5" time="0.002"/>
  <testcase classname="org.pc.test.Test1" name="test6" time="0.001"/>
</testsuite> <!-- Test2 -->
