<?xml version="1.0" encoding="UTF-8"?>
<!-- Generated by org.testng.reporters.JUnitXMLReporter -->
<testsuite ignored="2" hostname="DESKTOP-6NCKN49" failures="0" tests="4" name="Test1" time="0.078" errors="0" timestamp="2022-01-25T20:06:51 IST">
  <testcase classname="org.pc.test.Test1" name="test2" time="0.007"/>
  <testcase classname="org.pc.test.Test1" name="test4" time="0.002"/>
  <testcase classname="org.pc.test.Test1" name="test5" time="0.003"/>
  <testcase classname="org.pc.test.Test1" name="test6" time="0.004"/>
  <testcase classname="org.pc.test.Test1" name="test1" time="0.0">
    <ignored/>
  </testcase> <!-- test1 -->
  <testcase classname="org.pc.test.Test1" name="test3" time="0.0">
    <ignored/>
  </testcase> <!-- test3 -->
</testsuite> <!-- Test1 -->
