<?xml version="1.0" encoding="UTF-8"?>
<!-- Generated by org.testng.reporters.JUnitXMLReporter -->
<testsuite ignored="0" hostname="DESKTOP-6NCKN49" failures="0" tests="6" name="Test" time="0.104" errors="0" timestamp="2022-01-25T16:46:10 IST">
  <testcase classname="org.pc.test.Test1" name="test1" time="0.011"/>
  <testcase classname="org.pc.test.Test1" name="test2" time="0.002"/>
  <testcase classname="org.pc.test.Test1" name="test3" time="0.005"/>
  <testcase classname="org.pc.test.Test2" name="test1" time="0.003"/>
  <testcase classname="org.pc.test.Test2" name="test2" time="0.003"/>
  <testcase classname="org.pc.test.Test2" name="test3" time="0.005"/>
</testsuite> <!-- Test -->
