<?xml version="1.0" encoding="UTF-8"?>
<!-- Generated by org.testng.reporters.JUnitXMLReporter -->
<testsuite ignored="0" hostname="DESKTOP-6NCKN49" failures="0" tests="3" name="Default test" time="0.078" errors="0" timestamp="2022-01-25T17:14:26 IST">
  <testcase classname="org.pc.test.Test1" name="test1" time="0.006"/>
  <testcase classname="org.pc.test.Test1" name="test2" time="0.003"/>
  <testcase classname="org.pc.test.Test1" name="test3" time="0.003"/>
</testsuite> <!-- Default test -->
