<?xml version="1.0" encoding="UTF-8"?>
<testng-results ignored="3" total="6" passed="3" failed="0" skipped="0">
  <reporter-output>
  </reporter-output>
  <suite started-at="2022-01-25T20:08:06 IST" name="Suite" finished-at="2022-01-25T20:08:06 IST" duration-ms="78">
    <groups>
      <group name="Test1">
        <method signature="Test1.test2()[pri:0, instance:org.pc.test.Test1@7e9131d5]" name="test2" class="org.pc.test.Test1"/>
        <method signature="Test1.test4()[pri:0, instance:org.pc.test.Test1@7e9131d5]" name="test4" class="org.pc.test.Test1"/>
        <method signature="Test1.test6()[pri:0, instance:org.pc.test.Test1@7e9131d5]" name="test6" class="org.pc.test.Test1"/>
      </group> <!-- Test1 -->
    </groups>
    <test started-at="2022-01-25T20:08:06 IST" name="Test" finished-at="2022-01-25T20:08:06 IST" duration-ms="78">
      <class name="org.pc.test.Test1">
        <test-method signature="test2()[pri:0, instance:org.pc.test.Test1@7e9131d5]" started-at="2022-01-25T20:08:06 IST" name="test2" finished-at="2022-01-25T20:08:06 IST" duration-ms="12" status="PASS">
          <reporter-output>
          </reporter-output>
        </test-method> <!-- test2 -->
        <test-method signature="test4()[pri:0, instance:org.pc.test.Test1@7e9131d5]" started-at="2022-01-25T20:08:06 IST" name="test4" finished-at="2022-01-25T20:08:06 IST" duration-ms="2" status="PASS">
          <reporter-output>
          </reporter-output>
        </test-method> <!-- test4 -->
        <test-method signature="test6()[pri:0, instance:org.pc.test.Test1@7e9131d5]" started-at="2022-01-25T20:08:06 IST" name="test6" finished-at="2022-01-25T20:08:06 IST" duration-ms="4" status="PASS">
          <reporter-output>
          </reporter-output>
        </test-method> <!-- test6 -->
        <test-method is-config="true" signature="afterGroups()[pri:0, instance:org.pc.test.Test1@7e9131d5]" started-at="2022-01-25T20:08:06 IST" name="afterGroups" finished-at="2022-01-25T20:08:06 IST" duration-ms="1" status="PASS">
          <reporter-output>
          </reporter-output>
        </test-method> <!-- afterGroups -->
      </class> <!-- org.pc.test.Test1 -->
    </test> <!-- Test -->
  </suite> <!-- Suite -->
</testng-results>
