<?xml version="1.0" encoding="UTF-8"?>
<testng-results ignored="0" total="6" passed="6" failed="0" skipped="0">
  <reporter-output>
  </reporter-output>
  <suite started-at="2022-01-25T16:41:47 IST" name="Suite" finished-at="2022-01-25T16:41:47 IST" duration-ms="127">
    <groups>
    </groups>
    <test started-at="2022-01-25T16:41:47 IST" name="Test" finished-at="2022-01-25T16:41:47 IST" duration-ms="127">
      <class name="org.pc.test.Test2">
        <test-method signature="test1()[pri:0, instance:org.pc.test.Test2@2cd2a21f]" started-at="2022-01-25T16:41:47 IST" name="test1" finished-at="2022-01-25T16:41:47 IST" duration-ms="14" status="PASS">
          <reporter-output>
          </reporter-output>
        </test-method> <!-- test1 -->
        <test-method signature="test2()[pri:0, instance:org.pc.test.Test2@2cd2a21f]" started-at="2022-01-25T16:41:47 IST" name="test2" finished-at="2022-01-25T16:41:47 IST" duration-ms="8" status="PASS">
          <reporter-output>
          </reporter-output>
        </test-method> <!-- test2 -->
        <test-method signature="test3()[pri:0, instance:org.pc.test.Test2@2cd2a21f]" started-at="2022-01-25T16:41:47 IST" name="test3" finished-at="2022-01-25T16:41:47 IST" duration-ms="3" status="PASS">
          <reporter-output>
          </reporter-output>
        </test-method> <!-- test3 -->
      </class> <!-- org.pc.test.Test2 -->
      <class name="org.pc.test.Test1">
        <test-method is-config="true" signature="beforeTest()[pri:0, instance:org.pc.test.Test1@34f7cfd9]" started-at="2022-01-25T16:41:47 IST" name="beforeTest" finished-at="2022-01-25T16:41:47 IST" duration-ms="10" status="PASS">
          <reporter-output>
          </reporter-output>
        </test-method> <!-- beforeTest -->
        <test-method signature="test1()[pri:0, instance:org.pc.test.Test1@34f7cfd9]" started-at="2022-01-25T16:41:47 IST" name="test1" finished-at="2022-01-25T16:41:47 IST" duration-ms="8" status="PASS">
          <reporter-output>
          </reporter-output>
        </test-method> <!-- test1 -->
        <test-method signature="test2()[pri:0, instance:org.pc.test.Test1@34f7cfd9]" started-at="2022-01-25T16:41:47 IST" name="test2" finished-at="2022-01-25T16:41:47 IST" duration-ms="4" status="PASS">
          <reporter-output>
          </reporter-output>
        </test-method> <!-- test2 -->
        <test-method signature="test3()[pri:0, instance:org.pc.test.Test1@34f7cfd9]" started-at="2022-01-25T16:41:47 IST" name="test3" finished-at="2022-01-25T16:41:47 IST" duration-ms="1" status="PASS">
          <reporter-output>
          </reporter-output>
        </test-method> <!-- test3 -->
      </class> <!-- org.pc.test.Test1 -->
    </test> <!-- Test -->
  </suite> <!-- Suite -->
</testng-results>
