<?xml version="1.0" encoding="UTF-8"?>
<!-- Generated by org.testng.reporters.JUnitReportReporter -->
<testsuite hostname="DESKTOP-6NCKN49" failures="0" tests="3" name="org.pc.test.Test2" time="0.014" errors="0" timestamp="2022-01-25T20:22:13 IST" skipped="0">
  <testcase classname="org.pc.test.Test2" name="test2" time="0.004"/>
  <system-out/>
  <testcase classname="org.pc.test.Test2" name="test1" time="0.002"/>
  <system-out/>
  <testcase classname="org.pc.test.Test2" name="test3" time="0.008"/>
  <system-out/>
</testsuite> <!-- org.pc.test.Test2 -->
