<?xml version="1.0" encoding="UTF-8"?>
<testng-results ignored="0" total="6" passed="6" failed="0" skipped="0">
  <reporter-output>
  </reporter-output>
  <suite started-at="2022-01-25T16:46:57 IST" name="Suite" finished-at="2022-01-25T16:46:58 IST" duration-ms="182">
    <groups>
    </groups>
    <test started-at="2022-01-25T16:46:57 IST" name="Test1" finished-at="2022-01-25T16:46:57 IST" duration-ms="69">
      <class name="org.pc.test.Test1">
        <test-method signature="test1()[pri:0, instance:org.pc.test.Test1@10959ece]" started-at="2022-01-25T16:46:57 IST" name="test1" finished-at="2022-01-25T16:46:57 IST" duration-ms="10" status="PASS">
          <reporter-output>
          </reporter-output>
        </test-method> <!-- test1 -->
        <test-method signature="test2()[pri:0, instance:org.pc.test.Test1@10959ece]" started-at="2022-01-25T16:46:57 IST" name="test2" finished-at="2022-01-25T16:46:57 IST" duration-ms="2" status="PASS">
          <reporter-output>
          </reporter-output>
        </test-method> <!-- test2 -->
        <test-method signature="test3()[pri:0, instance:org.pc.test.Test1@10959ece]" started-at="2022-01-25T16:46:57 IST" name="test3" finished-at="2022-01-25T16:46:57 IST" duration-ms="2" status="PASS">
          <reporter-output>
          </reporter-output>
        </test-method> <!-- test3 -->
        <test-method is-config="true" signature="beforeTest()[pri:0, instance:org.pc.test.Test1@10959ece]" started-at="2022-01-25T16:46:57 IST" name="beforeTest" finished-at="2022-01-25T16:46:57 IST" duration-ms="1" status="PASS">
          <reporter-output>
          </reporter-output>
        </test-method> <!-- beforeTest -->
      </class> <!-- org.pc.test.Test1 -->
    </test> <!-- Test1 -->
    <test started-at="2022-01-25T16:46:58 IST" name="Test2" finished-at="2022-01-25T16:46:58 IST" duration-ms="16">
      <class name="org.pc.test.Test2">
        <test-method signature="test1()[pri:0, instance:org.pc.test.Test2@446293d]" started-at="2022-01-25T16:46:58 IST" name="test1" finished-at="2022-01-25T16:46:58 IST" duration-ms="1" status="PASS">
          <reporter-output>
          </reporter-output>
        </test-method> <!-- test1 -->
        <test-method signature="test2()[pri:0, instance:org.pc.test.Test2@446293d]" started-at="2022-01-25T16:46:58 IST" name="test2" finished-at="2022-01-25T16:46:58 IST" duration-ms="3" status="PASS">
          <reporter-output>
          </reporter-output>
        </test-method> <!-- test2 -->
        <test-method signature="test3()[pri:0, instance:org.pc.test.Test2@446293d]" started-at="2022-01-25T16:46:58 IST" name="test3" finished-at="2022-01-25T16:46:58 IST" duration-ms="1" status="PASS">
          <reporter-output>
          </reporter-output>
        </test-method> <!-- test3 -->
      </class> <!-- org.pc.test.Test2 -->
    </test> <!-- Test2 -->
  </suite> <!-- Suite -->
</testng-results>
