<?xml version="1.0" encoding="UTF-8"?>
<testng-results ignored="2" total="6" passed="4" failed="0" skipped="0">
  <reporter-output>
  </reporter-output>
  <suite started-at="2022-01-25T20:06:51 IST" name="Suite" finished-at="2022-01-25T20:06:51 IST" duration-ms="78">
    <groups>
      <group name="Test1">
        <method signature="Test1.test2()[pri:0, instance:org.pc.test.Test1@7e9131d5]" name="test2" class="org.pc.test.Test1"/>
        <method signature="Test1.test4()[pri:0, instance:org.pc.test.Test1@7e9131d5]" name="test4" class="org.pc.test.Test1"/>
        <method signature="Test1.test5()[pri:0, instance:org.pc.test.Test1@7e9131d5]" name="test5" class="org.pc.test.Test1"/>
        <method signature="Test1.test6()[pri:0, instance:org.pc.test.Test1@7e9131d5]" name="test6" class="org.pc.test.Test1"/>
      </group> <!-- Test1 -->
    </groups>
    <test started-at="2022-01-25T20:06:51 IST" name="Test1" finished-at="2022-01-25T20:06:51 IST" duration-ms="78">
      <class name="org.pc.test.Test1">
        <test-method is-config="true" signature="beforeGroups()[pri:0, instance:org.pc.test.Test1@7e9131d5]" started-at="2022-01-25T20:06:51 IST" name="beforeGroups" finished-at="2022-01-25T20:06:51 IST" duration-ms="5" status="PASS">
          <reporter-output>
          </reporter-output>
        </test-method> <!-- beforeGroups -->
        <test-method signature="test2()[pri:0, instance:org.pc.test.Test1@7e9131d5]" started-at="2022-01-25T20:06:51 IST" name="test2" finished-at="2022-01-25T20:06:51 IST" duration-ms="7" status="PASS">
          <reporter-output>
          </reporter-output>
        </test-method> <!-- test2 -->
        <test-method signature="test4()[pri:0, instance:org.pc.test.Test1@7e9131d5]" started-at="2022-01-25T20:06:51 IST" name="test4" finished-at="2022-01-25T20:06:51 IST" duration-ms="2" status="PASS">
          <reporter-output>
          </reporter-output>
        </test-method> <!-- test4 -->
        <test-method signature="test5()[pri:0, instance:org.pc.test.Test1@7e9131d5]" started-at="2022-01-25T20:06:51 IST" name="test5" finished-at="2022-01-25T20:06:51 IST" duration-ms="3" status="PASS">
          <reporter-output>
          </reporter-output>
        </test-method> <!-- test5 -->
        <test-method signature="test6()[pri:0, instance:org.pc.test.Test1@7e9131d5]" started-at="2022-01-25T20:06:51 IST" name="test6" finished-at="2022-01-25T20:06:51 IST" duration-ms="4" status="PASS">
          <reporter-output>
          </reporter-output>
        </test-method> <!-- test6 -->
      </class> <!-- org.pc.test.Test1 -->
    </test> <!-- Test1 -->
  </suite> <!-- Suite -->
</testng-results>
