<?xml version="1.0" encoding="UTF-8"?>
<testng-results ignored="0" total="6" passed="6" failed="0" skipped="0">
  <reporter-output>
  </reporter-output>
  <suite started-at="2022-01-25T20:22:13 IST" name="Suite" finished-at="2022-01-25T20:22:13 IST" duration-ms="265">
    <groups>
    </groups>
    <test started-at="2022-01-25T20:22:13 IST" name="Test" finished-at="2022-01-25T20:22:13 IST" duration-ms="132">
      <class name="org.pc.test.Test1">
        <test-method signature="test1()[pri:0, instance:org.pc.test.Test1@2cd2a21f]" started-at="2022-01-25T20:22:13 IST" name="test1" finished-at="2022-01-25T20:22:13 IST" duration-ms="22" status="PASS">
          <reporter-output>
          </reporter-output>
        </test-method> <!-- test1 -->
        <test-method signature="test2()[pri:0, instance:org.pc.test.Test1@2cd2a21f]" started-at="2022-01-25T20:22:13 IST" name="test2" finished-at="2022-01-25T20:22:13 IST" duration-ms="4" status="PASS">
          <reporter-output>
          </reporter-output>
        </test-method> <!-- test2 -->
        <test-method signature="test3()[pri:0, instance:org.pc.test.Test1@2cd2a21f]" started-at="2022-01-25T20:22:13 IST" name="test3" finished-at="2022-01-25T20:22:13 IST" duration-ms="2" status="PASS">
          <reporter-output>
          </reporter-output>
        </test-method> <!-- test3 -->
      </class> <!-- org.pc.test.Test1 -->
    </test> <!-- Test -->
    <test started-at="2022-01-25T20:22:13 IST" name="Test1" finished-at="2022-01-25T20:22:13 IST" duration-ms="26">
      <class name="org.pc.test.Test2">
        <test-method signature="test1()[pri:0, instance:org.pc.test.Test2@69997e9d]" started-at="2022-01-25T20:22:13 IST" name="test1" finished-at="2022-01-25T20:22:13 IST" duration-ms="2" status="PASS">
          <reporter-output>
          </reporter-output>
        </test-method> <!-- test1 -->
        <test-method signature="test2()[pri:0, instance:org.pc.test.Test2@69997e9d]" started-at="2022-01-25T20:22:13 IST" name="test2" finished-at="2022-01-25T20:22:13 IST" duration-ms="4" status="PASS">
          <reporter-output>
          </reporter-output>
        </test-method> <!-- test2 -->
        <test-method signature="test3()[pri:0, instance:org.pc.test.Test2@69997e9d]" started-at="2022-01-25T20:22:13 IST" name="test3" finished-at="2022-01-25T20:22:13 IST" duration-ms="8" status="PASS">
          <reporter-output>
          </reporter-output>
        </test-method> <!-- test3 -->
      </class> <!-- org.pc.test.Test2 -->
      <class name="org.pc.test.Test1">
        <test-method is-config="true" signature="afterSuite()[pri:0, instance:org.pc.test.Test1@2cd2a21f]" started-at="2022-01-25T20:22:13 IST" name="afterSuite" finished-at="2022-01-25T20:22:13 IST" duration-ms="3" status="PASS">
          <reporter-output>
          </reporter-output>
        </test-method> <!-- afterSuite -->
      </class> <!-- org.pc.test.Test1 -->
    </test> <!-- Test1 -->
  </suite> <!-- Suite -->
</testng-results>
