<?xml version="1.0" encoding="UTF-8"?>
<testng-results ignored="0" total="6" passed="6" failed="0" skipped="0">
  <reporter-output>
  </reporter-output>
  <suite started-at="2022-01-25T20:15:29 IST" name="Suite" finished-at="2022-01-25T20:15:30 IST" duration-ms="167">
    <groups>
    </groups>
    <test started-at="2022-01-25T20:15:29 IST" name="Test" finished-at="2022-01-25T20:15:29 IST" duration-ms="53">
      <class name="org.pc.test.Test1">
        <test-method signature="test1()[pri:0, instance:org.pc.test.Test1@2cd2a21f]" started-at="2022-01-25T20:15:29 IST" name="test1" finished-at="2022-01-25T20:15:29 IST" duration-ms="6" status="PASS">
          <reporter-output>
          </reporter-output>
        </test-method> <!-- test1 -->
        <test-method signature="test2()[pri:0, instance:org.pc.test.Test1@2cd2a21f]" started-at="2022-01-25T20:15:29 IST" name="test2" finished-at="2022-01-25T20:15:29 IST" duration-ms="1" status="PASS">
          <reporter-output>
          </reporter-output>
        </test-method> <!-- test2 -->
        <test-method signature="test3()[pri:0, instance:org.pc.test.Test1@2cd2a21f]" started-at="2022-01-25T20:15:29 IST" name="test3" finished-at="2022-01-25T20:15:29 IST" duration-ms="3" status="PASS">
          <reporter-output>
          </reporter-output>
        </test-method> <!-- test3 -->
      </class> <!-- org.pc.test.Test1 -->
    </test> <!-- Test -->
    <test started-at="2022-01-25T20:15:29 IST" name="Test1" finished-at="2022-01-25T20:15:30 IST" duration-ms="20">
      <class name="org.pc.test.Test2">
        <test-method signature="test1()[pri:0, instance:org.pc.test.Test2@446293d]" started-at="2022-01-25T20:15:29 IST" name="test1" finished-at="2022-01-25T20:15:29 IST" duration-ms="3" status="PASS">
          <reporter-output>
          </reporter-output>
        </test-method> <!-- test1 -->
        <test-method signature="test2()[pri:0, instance:org.pc.test.Test2@446293d]" started-at="2022-01-25T20:15:29 IST" name="test2" finished-at="2022-01-25T20:15:29 IST" duration-ms="2" status="PASS">
          <reporter-output>
          </reporter-output>
        </test-method> <!-- test2 -->
        <test-method signature="test3()[pri:0, instance:org.pc.test.Test2@446293d]" started-at="2022-01-25T20:15:30 IST" name="test3" finished-at="2022-01-25T20:15:30 IST" duration-ms="3" status="PASS">
          <reporter-output>
          </reporter-output>
        </test-method> <!-- test3 -->
      </class> <!-- org.pc.test.Test2 -->
      <class name="org.pc.test.Test1">
        <test-method is-config="true" signature="beforeSuite()[pri:0, instance:org.pc.test.Test1@2cd2a21f]" started-at="2022-01-25T20:15:29 IST" name="beforeSuite" finished-at="2022-01-25T20:15:29 IST" duration-ms="9" status="PASS">
          <reporter-output>
          </reporter-output>
        </test-method> <!-- beforeSuite -->
      </class> <!-- org.pc.test.Test1 -->
    </test> <!-- Test1 -->
  </suite> <!-- Suite -->
</testng-results>
