<?xml version="1.0" encoding="UTF-8"?>
<!-- Generated by org.testng.reporters.JUnitXMLReporter -->
<testsuite ignored="3" hostname="DESKTOP-6NCKN49" failures="0" tests="3" name="Test" time="0.078" errors="0" timestamp="2022-01-25T20:08:06 IST">
  <testcase classname="org.pc.test.Test1" name="test2" time="0.012"/>
  <testcase classname="org.pc.test.Test1" name="test4" time="0.002"/>
  <testcase classname="org.pc.test.Test1" name="test6" time="0.004"/>
  <testcase classname="org.pc.test.Test1" name="test1" time="0.0">
    <ignored/>
  </testcase> <!-- test1 -->
  <testcase classname="org.pc.test.Test1" name="test3" time="0.0">
    <ignored/>
  </testcase> <!-- test3 -->
  <testcase classname="org.pc.test.Test1" name="test5" time="0.0">
    <ignored/>
  </testcase> <!-- test5 -->
</testsuite> <!-- Test -->
