<?xml version="1.0" encoding="UTF-8"?>
<testng-results ignored="0" total="3" passed="3" failed="0" skipped="0">
  <reporter-output>
  </reporter-output>
  <suite started-at="2022-01-25T17:42:48 IST" name="Default suite" finished-at="2022-01-25T17:42:48 IST" duration-ms="74">
    <groups>
    </groups>
    <test started-at="2022-01-25T17:42:48 IST" name="Default test" finished-at="2022-01-25T17:42:48 IST" duration-ms="74">
      <class name="org.pc.test.Test1">
        <test-method signature="test1()[pri:0, instance:org.pc.test.Test1@4a668b6e]" started-at="2022-01-25T17:42:48 IST" name="test1" finished-at="2022-01-25T17:42:48 IST" duration-ms="10" status="PASS">
          <reporter-output>
          </reporter-output>
        </test-method> <!-- test1 -->
        <test-method is-config="true" signature="afterMethod()[pri:0, instance:org.pc.test.Test1@4a668b6e]" started-at="2022-01-25T17:42:48 IST" name="afterMethod" finished-at="2022-01-25T17:42:48 IST" duration-ms="2" status="PASS">
          <reporter-output>
          </reporter-output>
        </test-method> <!-- afterMethod -->
        <test-method signature="test2()[pri:0, instance:org.pc.test.Test1@4a668b6e]" started-at="2022-01-25T17:42:48 IST" name="test2" finished-at="2022-01-25T17:42:48 IST" duration-ms="2" status="PASS">
          <reporter-output>
          </reporter-output>
        </test-method> <!-- test2 -->
        <test-method is-config="true" signature="afterMethod()[pri:0, instance:org.pc.test.Test1@4a668b6e]" started-at="2022-01-25T17:42:48 IST" name="afterMethod" finished-at="2022-01-25T17:42:48 IST" duration-ms="0" status="PASS">
          <reporter-output>
          </reporter-output>
        </test-method> <!-- afterMethod -->
        <test-method signature="test3()[pri:0, instance:org.pc.test.Test1@4a668b6e]" started-at="2022-01-25T17:42:48 IST" name="test3" finished-at="2022-01-25T17:42:48 IST" duration-ms="2" status="PASS">
          <reporter-output>
          </reporter-output>
        </test-method> <!-- test3 -->
        <test-method is-config="true" signature="afterMethod()[pri:0, instance:org.pc.test.Test1@4a668b6e]" started-at="2022-01-25T17:42:48 IST" name="afterMethod" finished-at="2022-01-25T17:42:48 IST" duration-ms="0" status="PASS">
          <reporter-output>
          </reporter-output>
        </test-method> <!-- afterMethod -->
      </class> <!-- org.pc.test.Test1 -->
    </test> <!-- Default test -->
  </suite> <!-- Default suite -->
</testng-results>
