<?xml version="1.0" encoding="UTF-8"?>
<testng-results ignored="0" total="1" passed="1" failed="0" skipped="0">
  <reporter-output>
  </reporter-output>
  <suite started-at="2022-01-21T16:39:20 IST" name="Default suite" finished-at="2022-01-21T16:39:20 IST" duration-ms="87">
    <groups>
    </groups>
    <test started-at="2022-01-21T16:39:20 IST" name="Default test" finished-at="2022-01-21T16:39:20 IST" duration-ms="87">
      <class name="org.pc.test.Test1">
        <test-method signature="test()[pri:0, instance:org.pc.test.Test1@36d585c]" started-at="2022-01-21T16:39:20 IST" name="test" finished-at="2022-01-21T16:39:20 IST" duration-ms="11" status="PASS">
          <reporter-output>
          </reporter-output>
        </test-method> <!-- test -->
      </class> <!-- org.pc.test.Test1 -->
    </test> <!-- Default test -->
  </suite> <!-- Default suite -->
</testng-results>
